2021-03-21 03:32:05.418  INFO 29048 --- [main] lavalink.server.Launcher                 : 

[32m       .  [31m _                  _ _       _    [32m__ _ _
[32m      /\\ [31m| | __ ___   ____ _| (_)_ __ | | __[32m\ \ \ \
[32m     ( ( )[31m| |/ _` \ \ / / _` | | | '_ \| |/ /[32m \ \ \ \
[32m      \\/ [31m| | (_| |\ V / (_| | | | | | |   < [32m  ) ) ) )
[32m       '  [31m|_|\__,_| \_/ \__,_|_|_|_| |_|_|\_\[32m / / / /
[0m    =========================================[32m/_/_/_/[0m

	Version:        3.3.2.3
	Build:          1176
	Build time:     28.12.2020 18:59:16 UTC
	Branch          master
	Commit:         68d398a
	Commit time:    28.12.2020 18:56:23 UTC
	JVM:            15.0.2
	Lavaplayer      1.3.65

2021-03-21 03:32:05.673  INFO 29048 --- [main] lavalink.server.Launcher                 : Starting Launcher on LP-NB-2028 with PID 29048 (C:\Users\m.smolinski\Documents\Nerdomat\Lavalink.jar started by m.smolinski in C:\Users\m.smolinski\Documents\Nerdomat)
2021-03-21 03:32:05.676  INFO 29048 --- [main] lavalink.server.Launcher                 : No active profile set, falling back to default profiles: default
2021-03-21 03:32:05.807  WARN 29048 --- [background-preinit] o.s.h.c.j.Jackson2ObjectMapperBuilder    : For Jackson Kotlin classes support please add "com.fasterxml.jackson.module:jackson-module-kotlin" to the classpath
2021-03-21 03:32:07.830  WARN 29048 --- [main] io.undertow.websockets.jsr               : UT026010: Buffer pool was not set on WebSocketDeploymentInfo, the default pool will be used
2021-03-21 03:32:07.866  INFO 29048 --- [main] io.undertow.servlet                      : Initializing Spring embedded WebApplicationContext
2021-03-21 03:32:07.867  INFO 29048 --- [main] o.s.web.context.ContextLoader            : Root WebApplicationContext: initialization completed in 2094 ms
2021-03-21 03:32:08.331  WARN 29048 --- [main] l.server.config.SentryConfiguration      : Turning off sentry
2021-03-21 03:32:08.823  INFO 29048 --- [main] c.s.d.l.tools.GarbageCollectionMonitor   : GC monitoring enabled, reporting results every 2 minutes.
2021-03-21 03:32:09.179  INFO 29048 --- [main] lavalink.server.config.KoeConfiguration  : OS: Windows 10, Arch: amd64
2021-03-21 03:32:09.180  WARN 29048 --- [main] lavalink.server.config.KoeConfiguration  : This system and architecture appears to not support native audio sending! GC pauses may cause your bot to stutter during playback.
2021-03-21 03:32:09.551  INFO 29048 --- [main] o.s.s.concurrent.ThreadPoolTaskExecutor  : Initializing ExecutorService 'applicationTaskExecutor'
2021-03-21 03:32:09.945  INFO 29048 --- [main] org.xnio                                 : XNIO version 3.3.8.Final
2021-03-21 03:32:09.976  INFO 29048 --- [main] org.xnio.nio                             : XNIO NIO Implementation Version 3.3.8.Final
2021-03-21 03:32:10.051  INFO 29048 --- [main] o.s.b.w.e.u.UndertowServletWebServer     : Undertow started on port(s) 2333 (http) with context path ''
2021-03-21 03:32:10.058  INFO 29048 --- [main] lavalink.server.Launcher                 : Started Launcher in 5.451 seconds (JVM running for 6.151)
2021-03-21 03:32:10.062  INFO 29048 --- [main] lavalink.server.Launcher                 : You can safely ignore the big red warning about illegal reflection. See https://github.com/Frederikam/Lavalink/issues/295
2021-03-21 03:32:37.789  INFO 29048 --- [XNIO-1 task-1] io.undertow.servlet                      : Initializing Spring DispatcherServlet 'dispatcherServlet'
2021-03-21 03:32:37.790  INFO 29048 --- [XNIO-1 task-1] o.s.web.servlet.DispatcherServlet        : Initializing Servlet 'dispatcherServlet'
2021-03-21 03:32:37.812  INFO 29048 --- [XNIO-1 task-1] o.s.web.servlet.DispatcherServlet        : Completed initialization in 19 ms
2021-03-21 03:32:37.874  INFO 29048 --- [XNIO-1 task-1] l.server.io.HandshakeInterceptorImpl     : Incoming connection from /127.0.0.1:62192
2021-03-21 03:32:37.969  INFO 29048 --- [XNIO-1 task-1] lavalink.server.io.SocketServer          : Connection successfully established from /127.0.0.1:62192
2021-03-21 03:32:52.737  INFO 29048 --- [XNIO-1 I/O-4] lavalink.server.io.SocketServer          : {"guildId":"253857543170818049","sessionId":"e7fe802bc7d7789147ffb75b4735103b","event":{"token":"edb8d9e0b74ba8e4","endpoint":"eu-central6258.discord.media:443"},"op":"voiceUpdate"}
2021-03-21 03:32:57.880  INFO 29048 --- [XNIO-1 task-2] l.server.player.AudioLoaderRestHandler   : Got request to load for identifier "obey"
2021-03-21 03:32:57.884  INFO 29048 --- [lava-daemon-pool-info-loader-2-thread-1] lavalink.server.player.AudioLoader       : No matches found
2021-03-21 03:32:57.925  INFO 29048 --- [XNIO-1 task-4] l.server.player.AudioLoaderRestHandler   : Got request to load for identifier "ytsearch:obey"
2021-03-21 03:32:58.921  INFO 29048 --- [lava-daemon-pool-info-loader-2-thread-1] lavalink.server.player.AudioLoader       : Loaded playlist Search results for: obey
2021-03-21 03:32:58.950  INFO 29048 --- [XNIO-1 I/O-4] lavalink.server.io.SocketServer          : {"endTime":0,"track":"QAAAqAIAOkJyaW5nIE1lIFRoZSBIb3Jpem9uIC0gT2JleSB3aXRoIFlVTkdCTFVEIChPZmZpY2lhbCBWaWRlbykAFEJyaW5nIE1lIFRoZSBIb3Jpem9uAAAAAAADgnAAC0FvbHN0TDFfTWhFAAEAK2h0dHBzOi8vd3d3LnlvdXR1YmUuY29tL3dhdGNoP3Y9QW9sc3RMMV9NaEUAB3lvdXR1YmUAAAAAAAAAAA==","noReplace":false,"startTime":0,"guildId":"253857543170818049","op":"play"}
2021-03-21 03:33:13.451  INFO 29048 --- [XNIO-1 I/O-4] lavalink.server.io.SocketServer          : {"guildId":"253857543170818049","op":"stop"}
2021-03-21 03:33:16.316  INFO 29048 --- [XNIO-1 I/O-4] lavalink.server.io.SocketServer          : {"guildId":"253857543170818049","op":"stop"}
2021-03-21 03:33:16.320  INFO 29048 --- [XNIO-1 I/O-4] lavalink.server.io.SocketServer          : {"guildId":"253857543170818049","op":"destroy"}
2021-03-21 03:33:20.944  INFO 29048 --- [XNIO-1 I/O-4] lavalink.server.io.SocketServer          : Connection closed from /127.0.0.1:62192 -- CloseStatus[code=1006, reason=]
2021-03-21 03:33:20.944  INFO 29048 --- [XNIO-1 I/O-4] lavalink.server.io.SocketContext         : Shutting down 0 playing players.
2021-03-21 03:35:02.751  INFO 29048 --- [XNIO-1 task-6] l.server.io.HandshakeInterceptorImpl     : Incoming connection from /127.0.0.1:61163
2021-03-21 03:35:02.756  INFO 29048 --- [XNIO-1 task-6] lavalink.server.io.SocketServer          : Connection successfully established from /127.0.0.1:61163
2021-03-21 03:35:07.371  INFO 29048 --- [XNIO-1 I/O-3] lavalink.server.io.SocketServer          : {"guildId":"253857543170818049","sessionId":"a22eb1c7fb7d48be00928a3aa9bcbe73","event":{"token":"5abfa1c4f7aae1ac","endpoint":"eu-central5830.discord.media:443"},"op":"voiceUpdate"}
2021-03-21 03:35:12.513  INFO 29048 --- [XNIO-1 task-7] l.server.player.AudioLoaderRestHandler   : Got request to load for identifier "obey"
2021-03-21 03:35:12.514  INFO 29048 --- [lava-daemon-pool-info-loader-2-thread-1] lavalink.server.player.AudioLoader       : No matches found
2021-03-21 03:35:12.528  INFO 29048 --- [XNIO-1 task-9] l.server.player.AudioLoaderRestHandler   : Got request to load for identifier "ytsearch:obey"
2021-03-21 03:35:13.126  INFO 29048 --- [lava-daemon-pool-info-loader-2-thread-1] lavalink.server.player.AudioLoader       : Loaded playlist Search results for: obey
2021-03-21 03:35:13.149  INFO 29048 --- [XNIO-1 I/O-3] lavalink.server.io.SocketServer          : {"endTime":0,"track":"QAAAqAIAOkJyaW5nIE1lIFRoZSBIb3Jpem9uIC0gT2JleSB3aXRoIFlVTkdCTFVEIChPZmZpY2lhbCBWaWRlbykAFEJyaW5nIE1lIFRoZSBIb3Jpem9uAAAAAAADgnAAC0FvbHN0TDFfTWhFAAEAK2h0dHBzOi8vd3d3LnlvdXR1YmUuY29tL3dhdGNoP3Y9QW9sc3RMMV9NaEUAB3lvdXR1YmUAAAAAAAAAAA==","noReplace":false,"startTime":0,"guildId":"253857543170818049","op":"play"}
2021-03-21 03:35:40.088  INFO 29048 --- [XNIO-1 I/O-3] lavalink.server.io.SocketServer          : {"guildId":"253857543170818049","op":"stop"}
2021-03-21 03:35:42.548  INFO 29048 --- [XNIO-1 I/O-3] lavalink.server.io.SocketServer          : {"guildId":"253857543170818049","op":"stop"}
2021-03-21 03:35:42.551  INFO 29048 --- [XNIO-1 I/O-3] lavalink.server.io.SocketServer          : {"guildId":"253857543170818049","op":"destroy"}
2021-03-21 03:38:31.744  INFO 29048 --- [XNIO-1 I/O-3] lavalink.server.io.SocketServer          : Connection closed from /127.0.0.1:61163 -- CloseStatus[code=1006, reason=]
2021-03-21 03:38:31.745  INFO 29048 --- [XNIO-1 I/O-3] lavalink.server.io.SocketContext         : Shutting down 0 playing players.
2021-03-21 03:38:48.686  INFO 29048 --- [XNIO-1 task-11] l.server.io.HandshakeInterceptorImpl     : Incoming connection from /127.0.0.1:59474
2021-03-21 03:38:48.691  INFO 29048 --- [XNIO-1 task-11] lavalink.server.io.SocketServer          : Connection successfully established from /127.0.0.1:59474
2021-03-21 03:38:54.058  INFO 29048 --- [XNIO-1 I/O-2] lavalink.server.io.SocketServer          : {"guildId":"253857543170818049","sessionId":"53ade147b47ced2d28be21b0ee46e256","event":{"token":"7083fb64eab45234","endpoint":"eu-central4711.discord.media:443"},"op":"voiceUpdate"}
2021-03-21 03:38:57.590  INFO 29048 --- [XNIO-1 task-12] l.server.player.AudioLoaderRestHandler   : Got request to load for identifier "obey"
2021-03-21 03:38:57.591  INFO 29048 --- [lava-daemon-pool-info-loader-2-thread-1] lavalink.server.player.AudioLoader       : No matches found
2021-03-21 03:38:57.606  INFO 29048 --- [XNIO-1 task-14] l.server.player.AudioLoaderRestHandler   : Got request to load for identifier "ytsearch:obey"
2021-03-21 03:38:58.118  INFO 29048 --- [lava-daemon-pool-info-loader-2-thread-1] lavalink.server.player.AudioLoader       : Loaded playlist Search results for: obey
2021-03-21 03:38:58.144  INFO 29048 --- [XNIO-1 I/O-2] lavalink.server.io.SocketServer          : {"endTime":0,"track":"QAAAqAIAOkJyaW5nIE1lIFRoZSBIb3Jpem9uIC0gT2JleSB3aXRoIFlVTkdCTFVEIChPZmZpY2lhbCBWaWRlbykAFEJyaW5nIE1lIFRoZSBIb3Jpem9uAAAAAAADgnAAC0FvbHN0TDFfTWhFAAEAK2h0dHBzOi8vd3d3LnlvdXR1YmUuY29tL3dhdGNoP3Y9QW9sc3RMMV9NaEUAB3lvdXR1YmUAAAAAAAAAAA==","noReplace":false,"startTime":0,"guildId":"253857543170818049","op":"play"}
2021-03-21 03:39:09.492  INFO 29048 --- [XNIO-1 task-16] l.server.player.AudioLoaderRestHandler   : Got request to load for identifier "obey"
2021-03-21 03:39:09.502  INFO 29048 --- [lava-daemon-pool-info-loader-2-thread-1] lavalink.server.player.AudioLoader       : No matches found
2021-03-21 03:39:09.521  INFO 29048 --- [XNIO-1 task-18] l.server.player.AudioLoaderRestHandler   : Got request to load for identifier "ytsearch:obey"
2021-03-21 03:39:09.962  INFO 29048 --- [lava-daemon-pool-info-loader-2-thread-1] lavalink.server.player.AudioLoader       : Loaded playlist Search results for: obey
2021-03-21 03:39:36.747  INFO 29048 --- [XNIO-1 I/O-2] lavalink.server.io.SocketServer          : Connection closed from /127.0.0.1:59474 -- CloseStatus[code=1006, reason=]
2021-03-21 03:39:36.750  INFO 29048 --- [XNIO-1 I/O-2] lavalink.server.io.SocketContext         : Shutting down 1 playing players.
2021-03-21 03:41:18.952  INFO 29048 --- [XNIO-1 task-20] l.server.io.HandshakeInterceptorImpl     : Incoming connection from /127.0.0.1:64778
2021-03-21 03:41:18.961  INFO 29048 --- [XNIO-1 task-20] lavalink.server.io.SocketServer          : Connection successfully established from /127.0.0.1:64778
2021-03-21 03:41:22.751  INFO 29048 --- [XNIO-1 I/O-2] lavalink.server.io.SocketServer          : {"guildId":"253857543170818049","sessionId":"117733c27b4799123634caad6b1180d1","event":{"token":"986eb38b6ddd0441","endpoint":"eu-central3612.discord.media:443"},"op":"voiceUpdate"}
2021-03-21 03:41:26.652  INFO 29048 --- [XNIO-1 task-21] l.server.player.AudioLoaderRestHandler   : Got request to load for identifier "obey"
2021-03-21 03:41:26.653  INFO 29048 --- [lava-daemon-pool-info-loader-2-thread-1] lavalink.server.player.AudioLoader       : No matches found
2021-03-21 03:41:26.666  INFO 29048 --- [XNIO-1 task-23] l.server.player.AudioLoaderRestHandler   : Got request to load for identifier "ytsearch:obey"
2021-03-21 03:41:27.222  INFO 29048 --- [lava-daemon-pool-info-loader-2-thread-1] lavalink.server.player.AudioLoader       : Loaded playlist Search results for: obey
2021-03-21 03:41:27.241  INFO 29048 --- [XNIO-1 I/O-2] lavalink.server.io.SocketServer          : {"endTime":0,"track":"QAAAqAIAOkJyaW5nIE1lIFRoZSBIb3Jpem9uIC0gT2JleSB3aXRoIFlVTkdCTFVEIChPZmZpY2lhbCBWaWRlbykAFEJyaW5nIE1lIFRoZSBIb3Jpem9uAAAAAAADgnAAC0FvbHN0TDFfTWhFAAEAK2h0dHBzOi8vd3d3LnlvdXR1YmUuY29tL3dhdGNoP3Y9QW9sc3RMMV9NaEUAB3lvdXR1YmUAAAAAAAAAAA==","noReplace":false,"startTime":0,"guildId":"253857543170818049","op":"play"}
2021-03-21 03:42:41.432  INFO 29048 --- [XNIO-1 I/O-2] lavalink.server.io.SocketServer          : Connection closed from /127.0.0.1:64778 -- CloseStatus[code=1006, reason=]
2021-03-21 03:42:41.433  INFO 29048 --- [XNIO-1 I/O-2] lavalink.server.io.SocketContext         : Shutting down 1 playing players.
2021-03-21 03:43:09.668  INFO 29048 --- [XNIO-1 task-25] l.server.io.HandshakeInterceptorImpl     : Incoming connection from /127.0.0.1:62490
2021-03-21 03:43:09.673  INFO 29048 --- [XNIO-1 task-25] lavalink.server.io.SocketServer          : Connection successfully established from /127.0.0.1:62490
2021-03-21 03:43:22.224  INFO 29048 --- [XNIO-1 I/O-2] lavalink.server.io.SocketServer          : {"guildId":"253857543170818049","sessionId":"4891275d52abe643e9f2de753d4d4280","event":{"token":"986eb38b6ddd0441","endpoint":"eu-central3612.discord.media:443"},"op":"voiceUpdate"}
2021-03-21 03:43:27.461  INFO 29048 --- [XNIO-1 task-26] l.server.player.AudioLoaderRestHandler   : Got request to load for identifier "obey"
2021-03-21 03:43:27.462  INFO 29048 --- [lava-daemon-pool-info-loader-2-thread-1] lavalink.server.player.AudioLoader       : No matches found
2021-03-21 03:43:27.476  INFO 29048 --- [XNIO-1 task-28] l.server.player.AudioLoaderRestHandler   : Got request to load for identifier "ytsearch:obey"
2021-03-21 03:43:27.982  INFO 29048 --- [lava-daemon-pool-info-loader-2-thread-1] lavalink.server.player.AudioLoader       : Loaded playlist Search results for: obey
2021-03-21 03:43:27.993  INFO 29048 --- [XNIO-1 I/O-2] lavalink.server.io.SocketServer          : {"endTime":0,"track":"QAAAqAIAOkJyaW5nIE1lIFRoZSBIb3Jpem9uIC0gT2JleSB3aXRoIFlVTkdCTFVEIChPZmZpY2lhbCBWaWRlbykAFEJyaW5nIE1lIFRoZSBIb3Jpem9uAAAAAAADgnAAC0FvbHN0TDFfTWhFAAEAK2h0dHBzOi8vd3d3LnlvdXR1YmUuY29tL3dhdGNoP3Y9QW9sc3RMMV9NaEUAB3lvdXR1YmUAAAAAAAAAAA==","noReplace":false,"startTime":0,"guildId":"253857543170818049","op":"play"}
2021-03-21 03:43:38.873  INFO 29048 --- [XNIO-1 task-30] l.server.player.AudioLoaderRestHandler   : Got request to load for identifier "https://www.youtube.com/playlist?list=PL0U5OdE5EkddgPsdKV_p9C4kI3qrOo18l"
2021-03-21 03:43:39.072  INFO 29048 --- [lava-daemon-pool-info-loader-2-thread-1] lavalink.server.player.AudioLoader       : Loaded playlist Mix - Pop Evil
2021-03-21 03:44:13.939  INFO 29048 --- [XNIO-1 I/O-2] lavalink.server.io.SocketServer          : {"guildId":"253857543170818049","op":"stop"}
2021-03-21 03:44:15.959  INFO 29048 --- [XNIO-1 I/O-2] lavalink.server.io.SocketServer          : {"guildId":"253857543170818049","op":"stop"}
2021-03-21 03:44:16.204  INFO 29048 --- [XNIO-1 I/O-2] lavalink.server.io.SocketServer          : {"guildId":"253857543170818049","op":"stop"}
2021-03-21 03:44:16.208  INFO 29048 --- [XNIO-1 I/O-2] lavalink.server.io.SocketServer          : {"guildId":"253857543170818049","op":"destroy"}
2021-03-21 03:44:45.436  INFO 29048 --- [XNIO-1 I/O-2] lavalink.server.io.SocketServer          : Connection closed from /127.0.0.1:62490 -- CloseStatus[code=1006, reason=]
2021-03-21 03:44:45.442  INFO 29048 --- [XNIO-1 I/O-2] lavalink.server.io.SocketContext         : Shutting down 0 playing players.
2021-03-21 03:45:35.990  INFO 29048 --- [XNIO-1 task-32] l.server.io.HandshakeInterceptorImpl     : Incoming connection from /127.0.0.1:53255
2021-03-21 03:45:35.996  INFO 29048 --- [XNIO-1 task-32] lavalink.server.io.SocketServer          : Connection successfully established from /127.0.0.1:53255
2021-03-21 03:45:39.336  INFO 29048 --- [XNIO-1 I/O-3] lavalink.server.io.SocketServer          : {"guildId":"253857543170818049","sessionId":"010d687d1222b8f864821b11e8570adc","event":{"token":"3604fdd482ae48c2","endpoint":"eu-central9847.discord.media:443"},"op":"voiceUpdate"}
2021-03-21 03:45:46.682  INFO 29048 --- [XNIO-1 task-1] l.server.player.AudioLoaderRestHandler   : Got request to load for identifier "https://www.youtube.com/playlist?list=PL0U5OdE5EkddgPsdKV_p9C4kI3qrOo18l"
2021-03-21 03:45:46.850  INFO 29048 --- [lava-daemon-pool-info-loader-2-thread-1] lavalink.server.player.AudioLoader       : Loaded playlist Mix - Pop Evil
2021-03-21 03:45:46.884  INFO 29048 --- [XNIO-1 I/O-3] lavalink.server.io.SocketServer          : {"endTime":0,"track":"QAAAjAIAKlBvcCBFdmlsIC0gVHJlbmNoZXMgKE9mZmljaWFsIE11c2ljIFZpZGVvKQAIUG9wIEV2aWwAAAAAAAOxUAALRFdkdE43cENadWcAAQAraHR0cHM6Ly93d3cueW91dHViZS5jb20vd2F0Y2g/dj1EV2R0TjdwQ1p1ZwAHeW91dHViZQAAAAAAAAAA","noReplace":false,"startTime":0,"guildId":"253857543170818049","op":"play"}
2021-03-21 03:46:12.429  INFO 29048 --- [XNIO-1 I/O-3] lavalink.server.io.SocketServer          : {"endTime":0,"track":"QAAAlwIANVBvcCBFdmlsIC0gRGVhbCBXaXRoIFRoZSBEZXZpbCAoT2ZmaWNpYWwgTXVzaWMgVmlkZW8pAAhQb3AgRXZpbAAAAAAAA2MwAAtUWUZsMXlCWVRaQQABACtodHRwczovL3d3dy55b3V0dWJlLmNvbS93YXRjaD92PVRZRmwxeUJZVFpBAAd5b3V0dWJlAAAAAAAAAAA=","noReplace":false,"startTime":0,"guildId":"253857543170818049","op":"play"}
2021-03-21 03:46:17.507  INFO 29048 --- [XNIO-1 I/O-3] lavalink.server.io.SocketServer          : {"guildId":"253857543170818049","op":"stop"}
2021-03-21 03:46:17.755  INFO 29048 --- [XNIO-1 I/O-3] lavalink.server.io.SocketServer          : {"guildId":"253857543170818049","op":"stop"}
2021-03-21 03:46:17.757  INFO 29048 --- [XNIO-1 I/O-3] lavalink.server.io.SocketServer          : {"guildId":"253857543170818049","op":"destroy"}
